10:37:36 **** Build of configuration Release for project paka_bartek ****
make all 
'Building file: ../lcd44780.c'
'Invoking: AVR Compiler'
avr-gcc -Wall -Os -fpack-struct -fshort-enums -ffunction-sections -fdata-sections -std=gnu99 -funsigned-char -funsigned-bitfields -mmcu=atmega16 -DF_CPU=1000000UL -MMD -MP -MF"lcd44780.d" -MT"lcd44780.o" -c -o "lcd44780.o" "../lcd44780.c"
'Finished building: ../lcd44780.c'
' '
'Building file: ../sevensegment.c'
'Invoking: AVR Compiler'
avr-gcc -Wall -Os -fpack-struct -fshort-enums -ffunction-sections -fdata-sections -std=gnu99 -funsigned-char -funsigned-bitfields -mmcu=atmega16 -DF_CPU=1000000UL -MMD -MP -MF"sevensegment.d" -MT"sevensegment.o" -c -o "sevensegment.o" "../sevensegment.c"
'Finished building: ../sevensegment.c'
' '
'Building target: paka_bartek.elf'
'Invoking: AVR C Linker'
avr-gcc -Wl,-Map,paka_bartek.map -mmcu=atmega16 -o "paka_bartek.elf"  ./lcd44780.o ./sevensegment.o   
c:/program files (x86)/atmel/avr tools/avr toolchain/bin/../lib/gcc/avr/4.7.2/../../../../avr/lib/avr5/crtm16.o: In function `__vectors':
/data2/home/toolsbuild/jenkins-knuth/workspace/avr8-gnu-toolchain/src/avr-libc/crt1/gcrt1.S:52: undefined reference to `main'
collect2.exe: error: ld returned 1 exit status
make: *** [paka_bartek.elf] B³¹d 1

10:37:38 Build Finished (took 1s.115ms)

