11:29:25 **** Incremental Build of configuration Release for project pop_star_friends ****
make all 
'Building file: ../functions.c'
'Invoking: AVR Compiler'
avr-gcc -Wall -Os -fpack-struct -fshort-enums -ffunction-sections -fdata-sections -std=gnu99 -funsigned-char -funsigned-bitfields -mmcu=atmega8 -DF_CPU=1000000UL -MMD -MP -MF"functions.d" -MT"functions.o" -c -o "functions.o" "../functions.c"
'Finished building: ../functions.c'
' '
'Building file: ../main.c'
'Invoking: AVR Compiler'
avr-gcc -Wall -Os -fpack-struct -fshort-enums -ffunction-sections -fdata-sections -std=gnu99 -funsigned-char -funsigned-bitfields -mmcu=atmega8 -DF_CPU=1000000UL -MMD -MP -MF"main.d" -MT"main.o" -c -o "main.o" "../main.c"
../main.c: In function 'main':
../main.c:45:12: warning: 'key_lock' may be used uninitialized in this function [-Wmaybe-uninitialized]
'Finished building: ../main.c'
' '
'Building target: pop_star_friends.elf'
'Invoking: AVR C Linker'
avr-gcc -Wl,-Map,pop_star_friends.map -mmcu=atmega8 -o "pop_star_friends.elf"  ./functions.o ./main.o   
'Finished building target: pop_star_friends.elf'
' '
'Invoking: AVR Create Extended Listing'
avr-objdump -h -S pop_star_friends.elf  >"pop_star_friends.lss"
'Finished building: pop_star_friends.lss'
' '
'Create Flash image (ihex format)'
avr-objcopy -R .eeprom -R .fuse -R .lock -R .signature -O ihex pop_star_friends.elf  "pop_star_friends.hex"
'Finished building: pop_star_friends.hex'
' '
'Create eeprom image (ihex format)'
avr-objcopy -j .eeprom --no-change-warnings --change-section-lma .eeprom=0 -O ihex pop_star_friends.elf  "pop_star_friends.eep"
'Finished building: pop_star_friends.eep'
' '
'Invoking: Print Size'
avr-size --format=avr --mcu=atmega8 pop_star_friends.elf
AVR Memory Usage
----------------
Device: atmega8

Program:     892 bytes (10.9% Full)
(.text + .data + .bootloader)

Data:         16 bytes (1.6% Full)
(.data + .bss + .noinit)


'Finished building: sizedummy'
' '

11:29:33 Build Finished (took 7s.735ms)

